<?xml version="1.0" encoding="UTF-8"?>
<!-- Generated by org.testng.reporters.JUnitReportReporter -->
<testsuite skipped="0" hostname="A234LBJX" name="MainTests.TestCase2" tests="1" failures="0" timestamp="22 May 2017 21:42:44 GMT" time="17.732" errors="0">
  <testcase name="MainTestCase2" time="17.732" classname="MainTests.TestCase2"/>
</testsuite> <!-- MainTests.TestCase2 -->
