<?xml version="1.0" encoding="UTF-8"?>
<!-- Generated by org.testng.reporters.JUnitReportReporter -->
<testsuite skipped="0" hostname="A234LBJX" name="MainTests.TestCase1" tests="1" failures="0" timestamp="23 May 2017 19:35:56 GMT" time="20.992" errors="0">
  <testcase name="MainTestCase1" time="20.992" classname="MainTests.TestCase1"/>
</testsuite> <!-- MainTests.TestCase1 -->
